  Markov'sChains.cpp
C:\Users\Илья\source\repos\Markov-s-Chains\Markov'sChains\Markov'sChains.cpp(19,10): warning C4305: инициализация: усечение из "double" в "float"
C:\Users\Илья\source\repos\Markov-s-Chains\Markov'sChains\Markov'sChains.cpp(19,25): warning C4305: инициализация: усечение из "double" в "float"
C:\Users\Илья\source\repos\Markov-s-Chains\Markov'sChains\Markov'sChains.cpp(19,40): warning C4305: инициализация: усечение из "double" в "float"
C:\Users\Илья\source\repos\Markov-s-Chains\Markov'sChains\Markov'sChains.cpp(20,15): warning C4305: инициализация: усечение из "double" в "float"
C:\Users\Илья\source\repos\Markov-s-Chains\Markov'sChains\Markov'sChains.cpp(20,40): warning C4305: инициализация: усечение из "double" в "float"
C:\Users\Илья\source\repos\Markov-s-Chains\Markov'sChains\Markov'sChains.cpp(21,15): warning C4305: инициализация: усечение из "double" в "float"
C:\Users\Илья\source\repos\Markov-s-Chains\Markov'sChains\Markov'sChains.cpp(21,20): warning C4305: инициализация: усечение из "double" в "float"
C:\Users\Илья\source\repos\Markov-s-Chains\Markov'sChains\Markov'sChains.cpp(21,25): warning C4305: инициализация: усечение из "double" в "float"
C:\Users\Илья\source\repos\Markov-s-Chains\Markov'sChains\Markov'sChains.cpp(22,10): warning C4305: инициализация: усечение из "double" в "float"
C:\Users\Илья\source\repos\Markov-s-Chains\Markov'sChains\Markov'sChains.cpp(22,15): warning C4305: инициализация: усечение из "double" в "float"
C:\Users\Илья\source\repos\Markov-s-Chains\Markov'sChains\Markov'sChains.cpp(22,20): warning C4305: инициализация: усечение из "double" в "float"
C:\Users\Илья\source\repos\Markov-s-Chains\Markov'sChains\Markov'sChains.cpp(22,40): warning C4305: инициализация: усечение из "double" в "float"
C:\Users\Илья\source\repos\Markov-s-Chains\Markov'sChains\Markov'sChains.cpp(23,30): warning C4305: инициализация: усечение из "double" в "float"
C:\Users\Илья\source\repos\Markov-s-Chains\Markov'sChains\Markov'sChains.cpp(23,35): warning C4305: инициализация: усечение из "double" в "float"
C:\Users\Илья\source\repos\Markov-s-Chains\Markov'sChains\Markov'sChains.cpp(23,40): warning C4305: инициализация: усечение из "double" в "float"
C:\Users\Илья\source\repos\Markov-s-Chains\Markov'sChains\Markov'sChains.cpp(24,30): warning C4305: инициализация: усечение из "double" в "float"
C:\Users\Илья\source\repos\Markov-s-Chains\Markov'sChains\Markov'sChains.cpp(24,35): warning C4305: инициализация: усечение из "double" в "float"
C:\Users\Илья\source\repos\Markov-s-Chains\Markov'sChains\Markov'sChains.cpp(25,15): warning C4305: инициализация: усечение из "double" в "float"
C:\Users\Илья\source\repos\Markov-s-Chains\Markov'sChains\Markov'sChains.cpp(59,25): warning C4553: "==": результат выражения не используется; вы хотели использовать "="?
C:\Users\Илья\source\repos\Markov-s-Chains\Markov'sChains\Markov'sChains.cpp(69,24): error C2109: для индекса требуется массив или указатель
C:\Program Files\Microsoft Visual Studio\2022\Community\VC\Tools\MSVC\14.37.32822\include\utility(458,10): warning C4200: нестандартное расширение: массив нулевого размера в структуре (объединении)
C:\Program Files\Microsoft Visual Studio\2022\Community\VC\Tools\MSVC\14.37.32822\include\utility(458,10): message : Этот член будет пропущен конструктором, установленным по умолчанию, или оператором назначения копии или перемещения
C:\Users\Илья\source\repos\Markov-s-Chains\Markov'sChains\Markov'sChains.cpp(76,32): message : выполняется компиляция ссылки на экземпляр класс шаблон функции "std::pair<const int,int []>"
